# JRE version: Java(TM) SE Runtime Environment (8.0_271-b09) (build 1.8.0_271-b09)
# Java VM: Java HotSpot(TM) 64-Bit Server VM (25.271-b09 mixed mode windows-amd64 compressed oops)
Heap:
 garbage-first heap   total 1048576K, used 403688K [0x0000000640000000, 0x0000000642000100, 0x00000007c0000000)
  region size 32768K, 5 young (163840K), 2 survivors (65536K)
 Metaspace       used 68837K, capacity 69847K, committed 70656K, reserved 1110016K
  class space    used 9371K, capacity 9728K, committed 9728K, reserved 1048576K
GC Heap History (10 events):
Event: 26.722 GC heap before
{Heap before GC invocations=106 (full 0):
 garbage-first heap   total 524288K, used 341990K [0x0000000640000000, 0x0000000642000080, 0x00000007c0000000)
  region size 32768K, 3 young (98304K), 1 survivors (32768K)
 Metaspace       used 59063K, capacity 59629K, committed 60544K, reserved 1101824K
  class space    used 7783K, capacity 7969K, committed 8064K, reserved 1048576K
Event: 26.764 GC heap after
Heap after GC invocations=107 (full 0):
 garbage-first heap   total 524288K, used 275753K [0x0000000640000000, 0x0000000642000080, 0x00000007c0000000)
  region size 32768K, 1 young (32768K), 1 survivors (32768K)
 Metaspace       used 59063K, capacity 59629K, committed 60544K, reserved 1101824K
  class space    used 7783K, capacity 7969K, committed 8064K, reserved 1048576K
}
Event: 27.155 GC heap before
{Heap before GC invocations=107 (full 0):
 garbage-first heap   total 524288K, used 341289K [0x0000000640000000, 0x0000000642000080, 0x00000007c0000000)
  region size 32768K, 3 young (98304K), 1 survivors (32768K)
 Metaspace       used 59667K, capacity 60207K, committed 61056K, reserved 1101824K
  class space    used 7837K, capacity 8034K, committed 8064K, reserved 1048576K
Event: 27.171 GC heap after
Heap after GC invocations=108 (full 0):
 garbage-first heap   total 1048576K, used 269375K [0x0000000640000000, 0x0000000642000100, 0x00000007c0000000)
  region size 32768K, 1 young (32768K), 1 survivors (32768K)
 Metaspace       used 59667K, capacity 60207K, committed 61056K, reserved 1101824K
  class space    used 7837K, capacity 8034K, committed 8064K, reserved 1048576K
}
Event: 29.273 GC heap before
{Heap before GC invocations=108 (full 0):
 garbage-first heap   total 1048576K, used 760895K [0x0000000640000000, 0x0000000642000100, 0x00000007c0000000)
  region size 32768K, 16 young (524288K), 1 survivors (32768K)
 Metaspace       used 63337K, capacity 64059K, committed 65024K, reserved 1105920K
  class space    used 8362K, capacity 8608K, committed 8704K, reserved 1048576K
Event: 29.318 GC heap after
Heap after GC invocations=109 (full 0):
 garbage-first heap   total 1048576K, used 297688K [0x0000000640000000, 0x0000000642000100, 0x00000007c0000000)
  region size 32768K, 2 young (65536K), 2 survivors (65536K)
 Metaspace       used 63337K, capacity 64059K, committed 65024K, reserved 1105920K
  class space    used 8362K, capacity 8608K, committed 8704K, reserved 1048576K
}
Event: 30.667 GC heap before
{Heap before GC invocations=109 (full 0):
 garbage-first heap   total 1048576K, used 723672K [0x0000000640000000, 0x0000000642000100, 0x00000007c0000000)
  region size 32768K, 15 young (491520K), 2 survivors (65536K)
 Metaspace       used 65956K, capacity 66813K, committed 67456K, reserved 1107968K
  class space    used 8783K, capacity 9065K, committed 9088K, reserved 1048576K
Event: 30.707 GC heap after
Heap after GC invocations=110 (full 0):
 garbage-first heap   total 1048576K, used 318707K [0x0000000640000000, 0x0000000642000100, 0x00000007c0000000)
  region size 32768K, 2 young (65536K), 2 survivors (65536K)
 Metaspace       used 65956K, capacity 66813K, committed 67456K, reserved 1107968K
  class space    used 8783K, capacity 9065K, committed 9088K, reserved 1048576K
}
Event: 31.729 GC heap before
{Heap before GC invocations=110 (full 0):
 garbage-first heap   total 1048576K, used 711923K [0x0000000640000000, 0x0000000642000100, 0x00000007c0000000)
  region size 32768K, 14 young (458752K), 2 survivors (65536K)
 Metaspace       used 68145K, capacity 69085K, committed 69760K, reserved 1110016K
  class space    used 9267K, capacity 9587K, committed 9600K, reserved 1048576K
Event: 31.784 GC heap after
Heap after GC invocations=111 (full 0):
 garbage-first heap   total 1048576K, used 338152K [0x0000000640000000, 0x0000000642000100, 0x00000007c0000000)
  region size 32768K, 2 young (65536K), 2 survivors (65536K)
 Metaspace       used 68145K, capacity 69085K, committed 69760K, reserved 1110016K
  class space    used 9267K, capacity 9587K, committed 9600K, reserved 1048576K
}

