# JRE version: Java(TM) SE Runtime Environment (8.0_271-b09) (build 1.8.0_271-b09)
# Java VM: Java HotSpot(TM) 64-Bit Server VM (25.271-b09 mixed mode windows-amd64 compressed oops)
Heap:
 garbage-first heap   total 1310720K, used 1138044K [0x00000006c0000000, 0x00000006c2000140, 0x00000007c0000000)
  region size 32768K, 8 young (262144K), 1 survivors (32768K)
 Metaspace       used 147139K, capacity 153504K, committed 153572K, reserved 1181696K
  class space    used 20084K, capacity 21444K, committed 21504K, reserved 1048576K
GC Heap History (10 events):
Event: 1095.573 GC heap before
{Heap before GC invocations=824 (full 1):
 garbage-first heap   total 1310720K, used 1110450K [0x00000006c0000000, 0x00000006c2000140, 0x00000007c0000000)
  region size 32768K, 8 young (262144K), 1 survivors (32768K)
 Metaspace       used 146970K, capacity 153304K, committed 153572K, reserved 1181696K
  class space    used 20068K, capacity 21408K, committed 21504K, reserved 1048576K
Event: 1095.578 GC heap after
Heap after GC invocations=825 (full 1):
 garbage-first heap   total 1310720K, used 880133K [0x00000006c0000000, 0x00000006c2000140, 0x00000007c0000000)
  region size 32768K, 1 young (32768K), 1 survivors (32768K)
 Metaspace       used 146970K, capacity 153304K, committed 153572K, reserved 1181696K
  class space    used 20068K, capacity 21408K, committed 21504K, reserved 1048576K
}
Event: 1097.280 GC heap before
{Heap before GC invocations=825 (full 1):
 garbage-first heap   total 1310720K, used 1109509K [0x00000006c0000000, 0x00000006c2000140, 0x00000007c0000000)
  region size 32768K, 8 young (262144K), 1 survivors (32768K)
 Metaspace       used 146974K, capacity 153310K, committed 153572K, reserved 1181696K
  class space    used 20068K, capacity 21409K, committed 21504K, reserved 1048576K
Event: 1097.286 GC heap after
Heap after GC invocations=826 (full 1):
 garbage-first heap   total 1310720K, used 881883K [0x00000006c0000000, 0x00000006c2000140, 0x00000007c0000000)
  region size 32768K, 1 young (32768K), 1 survivors (32768K)
 Metaspace       used 146974K, capacity 153310K, committed 153572K, reserved 1181696K
  class space    used 20068K, capacity 21409K, committed 21504K, reserved 1048576K
}
Event: 1101.269 GC heap before
{Heap before GC invocations=827 (full 1):
 garbage-first heap   total 1310720K, used 1111259K [0x00000006c0000000, 0x00000006c2000140, 0x00000007c0000000)
  region size 32768K, 8 young (262144K), 1 survivors (32768K)
 Metaspace       used 146986K, capacity 153310K, committed 153572K, reserved 1181696K
  class space    used 20069K, capacity 21409K, committed 21504K, reserved 1048576K
Event: 1101.275 GC heap after
Heap after GC invocations=828 (full 1):
 garbage-first heap   total 1310720K, used 880439K [0x00000006c0000000, 0x00000006c2000140, 0x00000007c0000000)
  region size 32768K, 1 young (32768K), 1 survivors (32768K)
 Metaspace       used 146986K, capacity 153310K, committed 153572K, reserved 1181696K
  class space    used 20069K, capacity 21409K, committed 21504K, reserved 1048576K
}
Event: 1106.279 GC heap before
{Heap before GC invocations=828 (full 1):
 garbage-first heap   total 1310720K, used 1109815K [0x00000006c0000000, 0x00000006c2000140, 0x00000007c0000000)
  region size 32768K, 8 young (262144K), 1 survivors (32768K)
 Metaspace       used 147112K, capacity 153502K, committed 153572K, reserved 1181696K
  class space    used 20082K, capacity 21443K, committed 21504K, reserved 1048576K
Event: 1106.293 GC heap after
Heap after GC invocations=829 (full 1):
 garbage-first heap   total 1310720K, used 900041K [0x00000006c0000000, 0x00000006c2000140, 0x00000007c0000000)
  region size 32768K, 1 young (32768K), 1 survivors (32768K)
 Metaspace       used 147112K, capacity 153502K, committed 153572K, reserved 1181696K
  class space    used 20082K, capacity 21443K, committed 21504K, reserved 1048576K
}
Event: 1108.241 GC heap before
{Heap before GC invocations=829 (full 1):
 garbage-first heap   total 1310720K, used 1129417K [0x00000006c0000000, 0x00000006c2000140, 0x00000007c0000000)
  region size 32768K, 8 young (262144K), 1 survivors (32768K)
 Metaspace       used 147138K, capacity 153504K, committed 153572K, reserved 1181696K
  class space    used 20083K, capacity 21444K, committed 21504K, reserved 1048576K
Event: 1108.295 GC heap after
Heap after GC invocations=830 (full 1):
 garbage-first heap   total 1310720K, used 941436K [0x00000006c0000000, 0x00000006c2000140, 0x00000007c0000000)
  region size 32768K, 1 young (32768K), 1 survivors (32768K)
 Metaspace       used 147138K, capacity 153504K, committed 153572K, reserved 1181696K
  class space    used 20083K, capacity 21444K, committed 21504K, reserved 1048576K
}

