# JRE version: Java(TM) SE Runtime Environment (8.0_301-b09) (build 1.8.0_301-b09)
# Java VM: Java HotSpot(TM) 64-Bit Server VM (25.301-b09 mixed mode windows-amd64 compressed oops)
Heap:
 garbage-first heap   total 1441792K, used 982490K [0x00000006c0000000, 0x00000006c2000160, 0x00000007c0000000)
  region size 32768K, 18 young (589824K), 3 survivors (98304K)
 Metaspace       used 96941K, capacity 98891K, committed 99300K, reserved 1132544K
  class space    used 14581K, capacity 15269K, committed 15332K, reserved 1048576K
GC Heap History (10 events):
Event: 41.002 GC heap before
{Heap before GC invocations=146 (full 0):
 garbage-first heap   total 1441792K, used 679270K [0x00000006c0000000, 0x00000006c2000160, 0x00000007c0000000)
  region size 32768K, 8 young (262144K), 3 survivors (98304K)
 Metaspace       used 81514K, capacity 82711K, committed 83556K, reserved 1120256K
  class space    used 11591K, capacity 12021K, committed 12132K, reserved 1048576K
Event: 41.063 GC heap after
Heap after GC invocations=147 (full 0):
 garbage-first heap   total 1441792K, used 449898K [0x00000006c0000000, 0x00000006c2000160, 0x00000007c0000000)
  region size 32768K, 1 young (32768K), 1 survivors (32768K)
 Metaspace       used 81514K, capacity 82711K, committed 83556K, reserved 1120256K
  class space    used 11591K, capacity 12021K, committed 12132K, reserved 1048576K
}
Event: 43.284 GC heap before
{Heap before GC invocations=147 (full 0):
 garbage-first heap   total 1441792K, used 1072490K [0x00000006c0000000, 0x00000006c2000160, 0x00000007c0000000)
  region size 32768K, 20 young (655360K), 1 survivors (32768K)
 Metaspace       used 85041K, capacity 86319K, committed 87140K, reserved 1124352K
  class space    used 12116K, capacity 12555K, committed 12644K, reserved 1048576K
Event: 43.327 GC heap after
Heap after GC invocations=148 (full 0):
 garbage-first heap   total 1441792K, used 473488K [0x00000006c0000000, 0x00000006c2000160, 0x00000007c0000000)
  region size 32768K, 2 young (65536K), 2 survivors (65536K)
 Metaspace       used 85041K, capacity 86319K, committed 87140K, reserved 1124352K
  class space    used 12116K, capacity 12555K, committed 12644K, reserved 1048576K
}
Event: 44.883 GC heap before
{Heap before GC invocations=148 (full 0):
 garbage-first heap   total 1441792K, used 1030544K [0x00000006c0000000, 0x00000006c2000160, 0x00000007c0000000)
  region size 32768K, 19 young (622592K), 2 survivors (65536K)
 Metaspace       used 88240K, capacity 89577K, committed 90212K, reserved 1126400K
  class space    used 12689K, capacity 13136K, committed 13156K, reserved 1048576K
Event: 44.904 GC heap after
Heap after GC invocations=149 (full 0):
 garbage-first heap   total 1441792K, used 491414K [0x00000006c0000000, 0x00000006c2000160, 0x00000007c0000000)
  region size 32768K, 3 young (98304K), 3 survivors (98304K)
 Metaspace       used 88240K, capacity 89577K, committed 90212K, reserved 1126400K
  class space    used 12689K, capacity 13136K, committed 13156K, reserved 1048576K
}
Event: 46.051 GC heap before
{Heap before GC invocations=149 (full 0):
 garbage-first heap   total 1441792K, used 982934K [0x00000006c0000000, 0x00000006c2000160, 0x00000007c0000000)
  region size 32768K, 18 young (589824K), 3 survivors (98304K)
 Metaspace       used 91232K, capacity 92671K, committed 93412K, reserved 1128448K
  class space    used 13313K, capacity 13777K, committed 13796K, reserved 1048576K
Event: 46.074 GC heap after
Heap after GC invocations=150 (full 0):
 garbage-first heap   total 1441792K, used 502708K [0x00000006c0000000, 0x00000006c2000160, 0x00000007c0000000)
  region size 32768K, 3 young (98304K), 3 survivors (98304K)
 Metaspace       used 91232K, capacity 92671K, committed 93412K, reserved 1128448K
  class space    used 13313K, capacity 13777K, committed 13796K, reserved 1048576K
}
Event: 47.447 GC heap before
{Heap before GC invocations=150 (full 0):
 garbage-first heap   total 1441792K, used 994228K [0x00000006c0000000, 0x00000006c2000160, 0x00000007c0000000)
  region size 32768K, 18 young (589824K), 3 survivors (98304K)
 Metaspace       used 94137K, capacity 95933K, committed 96356K, reserved 1130496K
  class space    used 14014K, capacity 14642K, committed 14692K, reserved 1048576K
Event: 47.483 GC heap after
Heap after GC invocations=151 (full 0):
 garbage-first heap   total 1441792K, used 523738K [0x00000006c0000000, 0x00000006c2000160, 0x00000007c0000000)
  region size 32768K, 3 young (98304K), 3 survivors (98304K)
 Metaspace       used 94137K, capacity 95933K, committed 96356K, reserved 1130496K
  class space    used 14014K, capacity 14642K, committed 14692K, reserved 1048576K
}

