# JRE version: Java(TM) SE Runtime Environment (8.0_271-b09) (build 1.8.0_271-b09)
# Java VM: Java HotSpot(TM) 64-Bit Server VM (25.271-b09 mixed mode windows-amd64 compressed oops)
Heap:
 garbage-first heap   total 1048576K, used 605472K [0x00000006c0000000, 0x00000006c2000100, 0x00000007c0000000)
  region size 32768K, 7 young (229376K), 2 survivors (65536K)
 Metaspace       used 89928K, capacity 91681K, committed 92104K, reserved 1128448K
  class space    used 13158K, capacity 13781K, committed 13848K, reserved 1048576K
GC Heap History (10 events):
Event: 34.907 GC heap before
{Heap before GC invocations=65 (full 0):
 garbage-first heap   total 1048576K, used 719354K [0x00000006c0000000, 0x00000006c2000100, 0x00000007c0000000)
  region size 32768K, 11 young (360448K), 2 survivors (65536K)
 Metaspace       used 81858K, capacity 83159K, committed 83656K, reserved 1120256K
  class space    used 11565K, capacity 12038K, committed 12056K, reserved 1048576K
Event: 34.929 GC heap after
Heap after GC invocations=66 (full 0):
 garbage-first heap   total 1048576K, used 434539K [0x00000006c0000000, 0x00000006c2000100, 0x00000007c0000000)
  region size 32768K, 2 young (65536K), 2 survivors (65536K)
 Metaspace       used 81858K, capacity 83159K, committed 83656K, reserved 1120256K
  class space    used 11565K, capacity 12038K, committed 12056K, reserved 1048576K
}
Event: 35.702 GC heap before
{Heap before GC invocations=66 (full 0):
 garbage-first heap   total 1048576K, used 729451K [0x00000006c0000000, 0x00000006c2000100, 0x00000007c0000000)
  region size 32768K, 11 young (360448K), 2 survivors (65536K)
 Metaspace       used 83769K, capacity 85041K, committed 85832K, reserved 1122304K
  class space    used 11877K, capacity 12345K, committed 12440K, reserved 1048576K
Event: 35.725 GC heap after
Heap after GC invocations=67 (full 0):
 garbage-first heap   total 1048576K, used 439434K [0x00000006c0000000, 0x00000006c2000100, 0x00000007c0000000)
  region size 32768K, 2 young (65536K), 2 survivors (65536K)
 Metaspace       used 83769K, capacity 85041K, committed 85832K, reserved 1122304K
  class space    used 11877K, capacity 12345K, committed 12440K, reserved 1048576K
}
Event: 36.306 GC heap before
{Heap before GC invocations=67 (full 0):
 garbage-first heap   total 1048576K, used 701578K [0x00000006c0000000, 0x00000006c2000100, 0x00000007c0000000)
  region size 32768K, 10 young (327680K), 2 survivors (65536K)
 Metaspace       used 85701K, capacity 86991K, committed 87752K, reserved 1124352K
  class space    used 12253K, capacity 12706K, committed 12824K, reserved 1048576K
Event: 36.329 GC heap after
Heap after GC invocations=68 (full 0):
 garbage-first heap   total 1048576K, used 453257K [0x00000006c0000000, 0x00000006c2000100, 0x00000007c0000000)
  region size 32768K, 2 young (65536K), 2 survivors (65536K)
 Metaspace       used 85701K, capacity 86991K, committed 87752K, reserved 1124352K
  class space    used 12253K, capacity 12706K, committed 12824K, reserved 1048576K
}
Event: 37.137 GC heap before
{Heap before GC invocations=68 (full 0):
 garbage-first heap   total 1048576K, used 715401K [0x00000006c0000000, 0x00000006c2000100, 0x00000007c0000000)
  region size 32768K, 10 young (327680K), 2 survivors (65536K)
 Metaspace       used 87436K, capacity 89017K, committed 89416K, reserved 1126400K
  class space    used 12631K, capacity 13159K, committed 13208K, reserved 1048576K
Event: 37.167 GC heap after
Heap after GC invocations=69 (full 0):
 garbage-first heap   total 1048576K, used 467484K [0x00000006c0000000, 0x00000006c2000100, 0x00000007c0000000)
  region size 32768K, 2 young (65536K), 2 survivors (65536K)
 Metaspace       used 87436K, capacity 89017K, committed 89416K, reserved 1126400K
  class space    used 12631K, capacity 13159K, committed 13208K, reserved 1048576K
}
Event: 37.876 GC heap before
{Heap before GC invocations=69 (full 0):
 garbage-first heap   total 1048576K, used 729628K [0x00000006c0000000, 0x00000006c2000100, 0x00000007c0000000)
  region size 32768K, 10 young (327680K), 2 survivors (65536K)
 Metaspace       used 89122K, capacity 90819K, committed 91208K, reserved 1126400K
  class space    used 13042K, capacity 13630K, committed 13720K, reserved 1048576K
Event: 37.906 GC heap after
Heap after GC invocations=70 (full 0):
 garbage-first heap   total 1048576K, used 474400K [0x00000006c0000000, 0x00000006c2000100, 0x00000007c0000000)
  region size 32768K, 2 young (65536K), 2 survivors (65536K)
 Metaspace       used 89122K, capacity 90819K, committed 91208K, reserved 1126400K
  class space    used 13042K, capacity 13630K, committed 13720K, reserved 1048576K
}

