# JRE version: Java(TM) SE Runtime Environment (8.0_301-b09) (build 1.8.0_301-b09)
# Java VM: Java HotSpot(TM) 64-Bit Server VM (25.301-b09 mixed mode windows-amd64 compressed oops)
Heap:
 garbage-first heap   total 589824K, used 337997K [0x00000006c0000000, 0x00000006c2000090, 0x00000007c0000000)
  region size 32768K, 3 young (98304K), 1 survivors (32768K)
 Metaspace       used 63480K, capacity 64369K, committed 64972K, reserved 1105920K
  class space    used 8331K, capacity 8610K, committed 8652K, reserved 1048576K
GC Heap History (10 events):
Event: 37.413 GC heap before
{Heap before GC invocations=133 (full 0):
 garbage-first heap   total 589824K, used 400706K [0x00000006c0000000, 0x00000006c2000090, 0x00000007c0000000)
  region size 32768K, 4 young (131072K), 1 survivors (32768K)
 Metaspace       used 62037K, capacity 62865K, committed 63436K, reserved 1103872K
  class space    used 8109K, capacity 8386K, committed 8396K, reserved 1048576K
Event: 37.429 GC heap after
Heap after GC invocations=134 (full 0):
 garbage-first heap   total 589824K, used 315119K [0x00000006c0000000, 0x00000006c2000090, 0x00000007c0000000)
  region size 32768K, 1 young (32768K), 1 survivors (32768K)
 Metaspace       used 62037K, capacity 62865K, committed 63436K, reserved 1103872K
  class space    used 8109K, capacity 8386K, committed 8396K, reserved 1048576K
}
Event: 37.610 GC heap before
{Heap before GC invocations=134 (full 0):
 garbage-first heap   total 589824K, used 380655K [0x00000006c0000000, 0x00000006c2000090, 0x00000007c0000000)
  region size 32768K, 3 young (98304K), 1 survivors (32768K)
 Metaspace       used 62296K, capacity 63089K, committed 63820K, reserved 1103872K
  class space    used 8137K, capacity 8418K, committed 8524K, reserved 1048576K
Event: 37.623 GC heap after
Heap after GC invocations=135 (full 0):
 garbage-first heap   total 589824K, used 309443K [0x00000006c0000000, 0x00000006c2000090, 0x00000007c0000000)
  region size 32768K, 1 young (32768K), 1 survivors (32768K)
 Metaspace       used 62296K, capacity 63089K, committed 63820K, reserved 1103872K
  class space    used 8137K, capacity 8418K, committed 8524K, reserved 1048576K
}
Event: 37.766 GC heap before
{Heap before GC invocations=135 (full 0):
 garbage-first heap   total 589824K, used 374979K [0x00000006c0000000, 0x00000006c2000090, 0x00000007c0000000)
  region size 32768K, 3 young (98304K), 1 survivors (32768K)
 Metaspace       used 62514K, capacity 63281K, committed 64076K, reserved 1105920K
  class space    used 8155K, capacity 8418K, committed 8524K, reserved 1048576K
Event: 37.775 GC heap after
Heap after GC invocations=136 (full 0):
 garbage-first heap   total 589824K, used 311097K [0x00000006c0000000, 0x00000006c2000090, 0x00000007c0000000)
  region size 32768K, 1 young (32768K), 1 survivors (32768K)
 Metaspace       used 62514K, capacity 63281K, committed 64076K, reserved 1105920K
  class space    used 8155K, capacity 8418K, committed 8524K, reserved 1048576K
}
Event: 38.035 GC heap before
{Heap before GC invocations=137 (full 0):
 garbage-first heap   total 589824K, used 376633K [0x00000006c0000000, 0x00000006c2000090, 0x00000007c0000000)
  region size 32768K, 3 young (98304K), 1 survivors (32768K)
 Metaspace       used 62931K, capacity 63761K, committed 64332K, reserved 1105920K
  class space    used 8225K, capacity 8514K, committed 8524K, reserved 1048576K
Event: 38.046 GC heap after
Heap after GC invocations=138 (full 0):
 garbage-first heap   total 589824K, used 310803K [0x00000006c0000000, 0x00000006c2000090, 0x00000007c0000000)
  region size 32768K, 1 young (32768K), 1 survivors (32768K)
 Metaspace       used 62931K, capacity 63761K, committed 64332K, reserved 1105920K
  class space    used 8225K, capacity 8514K, committed 8524K, reserved 1048576K
}
Event: 38.309 GC heap before
{Heap before GC invocations=138 (full 0):
 garbage-first heap   total 589824K, used 376339K [0x00000006c0000000, 0x00000006c2000090, 0x00000007c0000000)
  region size 32768K, 3 young (98304K), 1 survivors (32768K)
 Metaspace       used 63250K, capacity 64049K, committed 64716K, reserved 1105920K
  class space    used 8279K, capacity 8546K, committed 8652K, reserved 1048576K
Event: 38.332 GC heap after
Heap after GC invocations=139 (full 0):
 garbage-first heap   total 589824K, used 305229K [0x00000006c0000000, 0x00000006c2000090, 0x00000007c0000000)
  region size 32768K, 1 young (32768K), 1 survivors (32768K)
 Metaspace       used 63250K, capacity 64049K, committed 64716K, reserved 1105920K
  class space    used 8279K, capacity 8546K, committed 8652K, reserved 1048576K
}

